root@JANUS:~# gdb /opt/janus/bin/janus core 
GNU gdb (Ubuntu 8.1-0ubuntu3) 8.1.0.20180409-git
Copyright (C) 2018 Free Software Foundation, Inc.
License GPLv3+: GNU GPL version 3 or later <http://gnu.org/licenses/gpl.html>
This is free software: you are free to change and redistribute it.
There is NO WARRANTY, to the extent permitted by law.  Type "show copying"
and "show warranty" for details.
This GDB was configured as "x86_64-linux-gnu".
Type "show configuration" for configuration details.
For bug reporting instructions, please see:
<http://www.gnu.org/software/gdb/bugs/>.
Find the GDB manual and other documentation resources online at:
<http://www.gnu.org/software/gdb/documentation/>.
For help, type "help".
Type "apropos word" to search for commands related to "word"...
Reading symbols from /opt/janus/bin/janus...done.
[New LWP 15704]
[New LWP 15696]
[New LWP 15703]
[New LWP 15697]
[New LWP 15706]
[New LWP 15707]
[New LWP 15698]
[New LWP 15699]
[New LWP 15700]
[New LWP 15701]
[New LWP 15708]
[New LWP 15702]
[New LWP 15695]
[New LWP 15705]
[Thread debugging using libthread_db enabled]
Using host libthread_db library "/lib/x86_64-linux-gnu/libthread_db.so.1".
Core was generated by `/opt/janus/bin/janus'.
Program terminated with signal SIGABRT, Aborted.
#0  __GI_raise (sig=sig@entry=6) at ../sysdeps/unix/sysv/linux/raise.c:51
51	../sysdeps/unix/sysv/linux/raise.c: No such file or directory.
[Current thread is 1 (Thread 0x7f594cd39700 (LWP 15704))]
(gdb) 
(gdb) 
(gdb) bt
#0  0x00007f59676b6e97 in __GI_raise (sig=sig@entry=6) at ../sysdeps/unix/sysv/linux/raise.c:51
#1  0x00007f59676b8801 in __GI_abort () at abort.c:79
#2  0x00007f59676a839a in __assert_fail_base (fmt=0x7f596782f7d8 "%s%s%s:%u: %s%sAssertion `%s' failed.\n%n", assertion=assertion@entry=0x7f594cd6d2c8 "context->lws_lookup[wsi->desc.sockfd] == 0", file=file@entry=0x7f594cd6d1a0 "/root/libwebsockets/lib/pollfd.c", line=line@entry=188, function=function@entry=0x7f594cd6d580 <__PRETTY_FUNCTION__.25232> "insert_wsi_socket_into_fds") at assert.c:92
#3  0x00007f59676a8412 in __GI___assert_fail (assertion=0x7f594cd6d2c8 "context->lws_lookup[wsi->desc.sockfd] == 0", file=0x7f594cd6d1a0 "/root/libwebsockets/lib/pollfd.c", line=188, function=0x7f594cd6d580 <__PRETTY_FUNCTION__.25232> "insert_wsi_socket_into_fds") at assert.c:101
#4  0x00007f594cd4a19d in insert_wsi_socket_into_fds (context=0x55dc682e3d70, wsi=0x7f5930005a20) at /root/libwebsockets/lib/pollfd.c:188
#5  0x00007f594cd64370 in lws_adopt_descriptor_vhost (vh=0x55dc682c3b80, type=(LWS_ADOPT_HTTP | LWS_ADOPT_SOCKET | LWS_ADOPT_ALLOW_SSL), fd=..., vh_prot_name=0x0, parent=0x0)
    at /root/libwebsockets/lib/server/server.c:2080
#6  0x00007f594cd654cd in lws_server_socket_service (context=0x55dc682e3d70, wsi=0x55dc682e4070, pollfd=0x55dc682e6238) at /root/libwebsockets/lib/server/server.c:2601
#7  0x00007f594cd490ab in lws_service_fd_tsi (context=0x55dc682e3d70, pollfd=0x55dc682e6238, tsi=0) at /root/libwebsockets/lib/service.c:1272
#8  0x00007f594cd5ed39 in _lws_plat_service_tsi (context=0x55dc682e3d70, timeout_ms=50, tsi=0) at /root/libwebsockets/lib/plat/lws-plat-unix.c:209
#9  0x00007f594cd5eddc in lws_plat_service (context=0x55dc682e3d70, timeout_ms=50) at /root/libwebsockets/lib/plat/lws-plat-unix.c:229
#10 0x00007f594cd49c01 in lws_service (context=0x55dc682e3d70, timeout_ms=50) at /root/libwebsockets/lib/service.c:1716
#11 0x00007f594cf7be27 in janus_websockets_thread (data=0x55dc682e3d70) at transports/janus_websockets.c:858
#12 0x00007f5968c85e05 in  () at /usr/lib/x86_64-linux-gnu/libglib-2.0.so.0
#13 0x00007f5967a706db in start_thread (arg=0x7f594cd39700) at pthread_create.c:463
#14 0x00007f596779988f in clone () at ../sysdeps/unix/sysv/linux/x86_64/clone.S:95
(gdb) 
